<?xml version="1.0" encoding="UTF-8"?>
<testng-results skipped="0" failed="0" ignored="0" total="1" passed="1">
  <reporter-output>
    <line>
      <![CDATA[Setting up the configuration]]>
    </line>
    <line>
      <![CDATA[Configuration completed , Test is starting]]>
    </line>
    <line>
      <![CDATA[Trying to Start Browser and starting Application]]>
    </line>
    <line>
      <![CDATA[Browser and Application is up and running]]>
    </line>
    <line>
      <![CDATA[Test is about to complete]]>
    </line>
    <line>
      <![CDATA[Test completed ........... Reports are generated]]>
    </line>
  </reporter-output>
  <suite name="Suite" duration-ms="46539" started-at="2019-06-21T10:36:47Z" finished-at="2019-06-21T10:37:34Z">
    <groups>
    </groups>
    <test name="Test" duration-ms="46539" started-at="2019-06-21T10:36:47Z" finished-at="2019-06-21T10:37:34Z">
      <class name="com.automation.testcases.LoginTest">
        <test-method status="PASS" signature="setupsuit()[pri:0, instance:com.automation.testcases.LoginTest@1d057a39]" name="setupsuit" is-config="true" duration-ms="171" started-at="2019-06-21T16:06:47Z" finished-at="2019-06-21T16:06:47Z">
          <reporter-output>
            <line>
              <![CDATA[Setting up the configuration]]>
            </line>
            <line>
              <![CDATA[Configuration completed , Test is starting]]>
            </line>
          </reporter-output>
        </test-method> <!-- setupsuit -->
        <test-method status="PASS" signature="beforeClassSetup()[pri:0, instance:com.automation.testcases.LoginTest@1d057a39]" name="beforeClassSetup" is-config="true" duration-ms="8776" started-at="2019-06-21T16:06:47Z" finished-at="2019-06-21T16:06:56Z">
          <reporter-output>
            <line>
              <![CDATA[Trying to Start Browser and starting Application]]>
            </line>
            <line>
              <![CDATA[Browser and Application is up and running]]>
            </line>
          </reporter-output>
        </test-method> <!-- beforeClassSetup -->
        <test-method status="PASS" signature="LoginToEDGEPortal()[pri:0, instance:com.automation.testcases.LoginTest@1d057a39]" name="LoginToEDGEPortal" duration-ms="12504" started-at="2019-06-21T16:06:56Z" finished-at="2019-06-21T16:07:09Z">
          <reporter-output>
          </reporter-output>
        </test-method> <!-- LoginToEDGEPortal -->
        <test-method status="PASS" signature="afterMethod(org.testng.ITestResult)[pri:0, instance:com.automation.testcases.LoginTest@1d057a39]" name="afterMethod" is-config="true" duration-ms="24461" started-at="2019-06-21T16:07:09Z" finished-at="2019-06-21T16:07:33Z">
          <params>
            <param index="0">
              <value>
                <![CDATA[[TestResult name=LoginToEDGEPortal status=SUCCESS method=LoginTest.LoginToEDGEPortal()[pri:0, instance:com.automation.testcases.LoginTest@1d057a39] output={null}]]]>
              </value>
            </param>
          </params>
          <reporter-output>
            <line>
              <![CDATA[Test is about to complete]]>
            </line>
            <line>
              <![CDATA[Test completed ........... Reports are generated]]>
            </line>
          </reporter-output>
        </test-method> <!-- afterMethod -->
        <test-method status="PASS" signature="closeBrowser()[pri:0, instance:com.automation.testcases.LoginTest@1d057a39]" name="closeBrowser" is-config="true" duration-ms="783" started-at="2019-06-21T16:07:33Z" finished-at="2019-06-21T16:07:34Z">
          <reporter-output>
          </reporter-output>
        </test-method> <!-- closeBrowser -->
      </class> <!-- com.automation.testcases.LoginTest -->
    </test> <!-- Test -->
  </suite> <!-- Suite -->
</testng-results>
