<?xml version="1.0" encoding="UTF-8"?>
<!-- Generated by org.testng.reporters.JUnitXMLReporter -->
<testsuite hostname="WKSWUPUN0264" ignored="0" name="Test" tests="1" failures="1" timestamp="25 Jun 2019 10:57:20 GMT" time="9.414" errors="0">
  <testcase name="@AfterMethod afterMethod" time="0.867" classname="com.automation.pages.BaseClass">
    <failure type="java.lang.NullPointerException">
      <![CDATA[java.lang.NullPointerException
at com.automation.pages.BaseClass.afterMethod(BaseClass.java:67)
... Removed 28 stack frames]]>
    </failure>
  </testcase> <!-- @AfterMethod afterMethod -->
  <testcase name="@AfterClass closeBrowser" time="0.0" classname="com.automation.pages.BaseClass">
    <skipped/>
  </testcase> <!-- @AfterClass closeBrowser -->
  <testcase name="LoginToEDGEPortal" time="0.007" classname="com.automation.testcases.LoginTest">
    <failure type="java.lang.NullPointerException">
      <![CDATA[java.lang.NullPointerException
at com.automation.testcases.LoginTest.LoginToEDGEPortal(LoginTest.java:18)
... Removed 25 stack frames]]>
    </failure>
  </testcase> <!-- LoginToEDGEPortal -->
</testsuite> <!-- Test -->
